<?xml version="1.0" encoding="UTF-8"?>
<!-- Generated by org.testng.reporters.JUnitXMLReporter -->
<testsuite hostname="HP-PC-3.local" ignored="0" name="testng_all" tests="12" failures="5" timestamp="10 Oct 2018 08:26:12 GMT" time="505.938" errors="0">
  <testcase name="createCompanyOrgTest" time="23.108" classname="automationFramework.testCreateOrgSuite"/>
  <testcase name="createLFInvestorOrgTest" time="26.385" classname="automationFramework.testCreateOrgSuite"/>
  <testcase name="createLeadInvestorOrgTest" time="23.375" classname="automationFramework.testCreateOrgSuite"/>
  <testcase name="smokeTestCompanyOrg" time="32.749" classname="automationFramework.smokeTestEntity"/>
  <testcase name="smokeTestInvestorOrg" time="30.631" classname="automationFramework.smokeTestEntity"/>
  <testcase name="smokeTestLFirmOrg" time="42.249" classname="automationFramework.smokeTestEntity">
    <failure type="java.lang.NullPointerException">
      <![CDATA[java.lang.NullPointerException
at automationFramework.entitySmokeTest.Execute(entitySmokeTest.java:23)
at automationFramework.smokeTestEntity.smokeTestLFirmOrg(smokeTestEntity.java:19)
... Removed 25 stack frames]]>
    </failure>
  </testcase> <!-- smokeTestLFirmOrg -->
  <testcase name="exectPortalSmokeTest" time="51.043" classname="automationFramework.startupPortalSmokeTest">
    <failure type="java.lang.NullPointerException">
      <![CDATA[java.lang.NullPointerException
at automationFramework.startupPortalSmokeTest.portalSmokeTest(startupPortalSmokeTest.java:38)
at automationFramework.startupPortalSmokeTest.exectPortalSmokeTest(startupPortalSmokeTest.java:76)
... Removed 25 stack frames]]>
    </failure>
  </testcase> <!-- exectPortalSmokeTest -->
  <testcase name="testDilutionCalculator" time="20.475" classname="automationFramework.dilutionCalculator">
    <failure type="org.openqa.selenium.ElementClickInterceptedException" message="Element &amp;lt;input class=&amp;quot;text-field&amp;quot; type=&amp;quot;text&amp;quot;&amp;gt; is not clickable at point (1284.6583633422852,530.5) because another element &amp;lt;div class=&amp;quot;fixed absolute--fill z-999 overflow-y-auto pv7&amp;quot;&amp;gt; obscures it
Build info: version: &amp;apos;3.14.0&amp;apos;, revision: &amp;apos;aacccce0&amp;apos;, time: &amp;apos;2018-08-02T20:05:20.749Z&amp;apos;
System info: host: &amp;apos;HP-PC-3.local&amp;apos;, ip: &amp;apos;fe80:0:0:0:18e3:4e21:150f:a90a%en0&amp;apos;, os.name: &amp;apos;Mac OS X&amp;apos;, os.arch: &amp;apos;x86_64&amp;apos;, os.version: &amp;apos;10.13.6&amp;apos;, java.version: &amp;apos;1.8.0_121&amp;apos;
Driver info: org.openqa.selenium.firefox.FirefoxDriver
Capabilities {acceptInsecureCerts: true, browserName: firefox, browserVersion: 62.0.3, javascriptEnabled: true, moz:accessibilityChecks: false, moz:headless: false, moz:processID: 61768, moz:profile: /var/folders/xq/85zfqxvs6bl..., moz:useNonSpecCompliantPointerOrigin: false, moz:webdriverClick: true, pageLoadStrategy: normal, platform: MAC, platformName: MAC, platformVersion: 17.7.0, rotatable: false, timeouts: {implicit: 0, pageLoad: 300000, script: 30000}}
Session ID: 78688375-e43d-df4d-b48b-c6a18c9ad4b6">
      <![CDATA[org.openqa.selenium.ElementClickInterceptedException: Element <input class="text-field" type="text"> is not clickable at point (1284.6583633422852,530.5) because another element <div class="fixed absolute--fill z-999 overflow-y-auto pv7"> obscures it
Build info: version: '3.14.0', revision: 'aacccce0', time: '2018-08-02T20:05:20.749Z'
System info: host: 'HP-PC-3.local', ip: 'fe80:0:0:0:18e3:4e21:150f:a90a%en0', os.name: 'Mac OS X', os.arch: 'x86_64', os.version: '10.13.6', java.version: '1.8.0_121'
Driver info: org.openqa.selenium.firefox.FirefoxDriver
Capabilities {acceptInsecureCerts: true, browserName: firefox, browserVersion: 62.0.3, javascriptEnabled: true, moz:accessibilityChecks: false, moz:headless: false, moz:processID: 61768, moz:profile: /var/folders/xq/85zfqxvs6bl..., moz:useNonSpecCompliantPointerOrigin: false, moz:webdriverClick: true, pageLoadStrategy: normal, platform: MAC, platformName: MAC, platformVersion: 17.7.0, rotatable: false, timeouts: {implicit: 0, pageLoad: 300000, script: 30000}}
Session ID: 78688375-e43d-df4d-b48b-c6a18c9ad4b6
at org.openqa.selenium.remote.http.W3CHttpResponseCodec.createException(W3CHttpResponseCodec.java:187)
at org.openqa.selenium.remote.http.W3CHttpResponseCodec.decode(W3CHttpResponseCodec.java:122)
at org.openqa.selenium.remote.http.W3CHttpResponseCodec.decode(W3CHttpResponseCodec.java:49)
at org.openqa.selenium.remote.HttpCommandExecutor.execute(HttpCommandExecutor.java:158)
at org.openqa.selenium.remote.service.DriverCommandExecutor.execute(DriverCommandExecutor.java:83)
at org.openqa.selenium.remote.RemoteWebDriver.execute(RemoteWebDriver.java:548)
at org.openqa.selenium.remote.RemoteWebElement.execute(RemoteWebElement.java:276)
at org.openqa.selenium.remote.RemoteWebElement.click(RemoteWebElement.java:83)
at automationFramework.dilutionCalculator.mainDilutionCalculator(dilutionCalculator.java:34)
at automationFramework.dilutionCalculator.testDilutionCalculator(dilutionCalculator.java:64)
... Removed 29 stack frames]]>
    </failure>
  </testcase> <!-- testDilutionCalculator -->
  <testcase name="companyCreateDeal" time="39.457" classname="automationFramework.createTransaction"/>
  <testcase name="investorCreateDeal" time="33.309" classname="automationFramework.createTransaction"/>
  <testcase name="testInviteParticipantsCompanySide" time="70.408" classname="automationFramework.inviteParticipantToTransaction">
    <failure type="java.lang.NullPointerException">
      <![CDATA[java.lang.NullPointerException
at pageObjects.Deal_Participants.inviteParticipant(Deal_Participants.java:116)
at automationFramework.inviteParticipantToTransaction.mainInviteParticipant(inviteParticipantToTransaction.java:46)
at automationFramework.inviteParticipantToTransaction.testInviteParticipantsCompanySide(inviteParticipantToTransaction.java:60)
... Removed 25 stack frames]]>
    </failure>
  </testcase> <!-- testInviteParticipantsCompanySide -->
  <testcase name="testInviteParticipantsInvestorSide" time="72.132" classname="automationFramework.inviteParticipantToTransaction">
    <failure type="java.lang.NullPointerException">
      <![CDATA[java.lang.NullPointerException
at pageObjects.Deal_Participants.inviteParticipant(Deal_Participants.java:113)
at automationFramework.inviteParticipantToTransaction.mainInviteParticipant(inviteParticipantToTransaction.java:51)
at automationFramework.inviteParticipantToTransaction.testInviteParticipantsInvestorSide(inviteParticipantToTransaction.java:65)
... Removed 25 stack frames]]>
    </failure>
  </testcase> <!-- testInviteParticipantsInvestorSide -->
</testsuite> <!-- testng_all -->
